Jun-04 15:32:28.325 [main] DEBUG nextflow.cli.Launcher - $> nextflow run walterz.nf
Jun-04 15:32:28.489 [main] DEBUG nextflow.cli.CmdRun - N E X T F L O W  ~  version 24.04.2
Jun-04 15:32:28.596 [main] DEBUG nextflow.plugin.PluginsFacade - Setting up plugin manager > mode=prod; embedded=false; plugins-dir=/home/rickman/.nextflow/plugins; core-plugins: nf-amazon@2.5.2,nf-azure@1.6.0,nf-cloudcache@0.4.1,nf-codecommit@0.2.0,nf-console@1.1.3,nf-ga4gh@1.3.0,nf-google@1.13.2,nf-tower@1.9.1,nf-wave@1.4.2
Jun-04 15:32:28.631 [main] INFO  o.pf4j.DefaultPluginStatusProvider - Enabled plugins: []
Jun-04 15:32:28.634 [main] INFO  o.pf4j.DefaultPluginStatusProvider - Disabled plugins: []
Jun-04 15:32:28.640 [main] INFO  org.pf4j.DefaultPluginManager - PF4J version 3.10.0 in 'deployment' mode
Jun-04 15:32:28.676 [main] INFO  org.pf4j.AbstractPluginManager - No plugins
Jun-04 15:32:28.854 [main] DEBUG nextflow.cli.CmdRun - Applied DSL=2 from script declaration
Jun-04 15:32:28.913 [main] DEBUG nextflow.cli.CmdRun - Launching `walterz.nf` [irreverent_hawking] DSL2 - revision: 72046b8ea2
Jun-04 15:32:28.918 [main] DEBUG nextflow.plugin.PluginsFacade - Plugins default=[]
Jun-04 15:32:28.919 [main] DEBUG nextflow.plugin.PluginsFacade - Plugins resolved requirement=[]
Jun-04 15:32:29.115 [main] DEBUG nextflow.Session - Session UUID: ad1c884f-e54d-4f5a-9770-20c55fe83b2d
Jun-04 15:32:29.117 [main] DEBUG nextflow.Session - Run name: irreverent_hawking
Jun-04 15:32:29.119 [main] DEBUG nextflow.Session - Executor pool size: 4
Jun-04 15:32:29.143 [main] DEBUG nextflow.file.FilePorter - File porter settings maxRetries=3; maxTransfers=50; pollTimeout=null
Jun-04 15:32:29.235 [main] DEBUG nextflow.cli.CmdRun - 
  Version: 24.04.2 build 5914
  Created: 29-05-2024 06:19 UTC (09:19 EAST)
  System: Linux 5.15.146.1-microsoft-standard-WSL2
  Runtime: Groovy 4.0.21 on OpenJDK 64-Bit Server VM 21-internal-adhoc.conda.src
  Encoding: UTF-8 (UTF-8)
  Process: 59086@Walterrickman [127.0.1.1]
  CPUs: 4 - Mem: 3.8 GB (2.7 GB) - Swap: 1 GB (1 GB) - Virtual threads ON
Jun-04 15:32:29.316 [main] DEBUG nextflow.Session - Work-dir: /mnt/c/Users/Walterrickman/Desktop/cancer/nextflow/TestDir/work [v9fs]
Jun-04 15:32:29.319 [main] DEBUG nextflow.Session - Script base path does not exist or is not a directory: /mnt/c/Users/Walterrickman/Desktop/cancer/nextflow/TestDir/bin
Jun-04 15:32:29.372 [main] DEBUG nextflow.executor.ExecutorFactory - Extension executors providers=[]
Jun-04 15:32:29.430 [main] DEBUG nextflow.Session - Observer factory: DefaultObserverFactory
Jun-04 15:32:29.507 [main] DEBUG nextflow.cache.CacheFactory - Using Nextflow cache factory: nextflow.cache.DefaultCacheFactory
Jun-04 15:32:29.536 [main] DEBUG nextflow.util.CustomPoolFactory - Creating virtual thread pool
Jun-04 15:32:29.776 [main] DEBUG nextflow.Session - Session start
Jun-04 15:32:31.639 [main] DEBUG nextflow.script.ScriptRunner - > Launching execution
Jun-04 15:32:31.671 [main] DEBUG n.secret.LocalSecretsProvider - Secrets store: /home/rickman/.nextflow/secrets/store.json
Jun-04 15:32:31.693 [main] DEBUG nextflow.secret.SecretsLoader - Discovered secrets providers: [nextflow.secret.LocalSecretsProvider@4e424582] - activable => nextflow.secret.LocalSecretsProvider@4e424582
Jun-04 15:32:32.108 [main] DEBUG nextflow.executor.ExecutorFactory - << taskConfig executor: null
Jun-04 15:32:32.109 [main] DEBUG nextflow.executor.ExecutorFactory - >> processorType: 'local'
Jun-04 15:32:32.123 [main] DEBUG nextflow.executor.Executor - [warm up] executor > local
Jun-04 15:32:32.140 [main] DEBUG n.processor.LocalPollingMonitor - Creating local task monitor for executor 'local' > cpus=4; memory=3.8 GB; capacity=4; pollInterval=100ms; dumpInterval=5m
Jun-04 15:32:32.147 [main] DEBUG n.processor.TaskPollingMonitor - >>> barrier register (monitor: local)
Jun-04 15:32:32.374 [main] DEBUG nextflow.executor.ExecutorFactory - << taskConfig executor: null
Jun-04 15:32:32.375 [main] DEBUG nextflow.executor.ExecutorFactory - >> processorType: 'local'
Jun-04 15:32:32.421 [main] DEBUG nextflow.executor.ExecutorFactory - << taskConfig executor: null
Jun-04 15:32:32.432 [main] DEBUG nextflow.executor.ExecutorFactory - >> processorType: 'local'
Jun-04 15:32:32.468 [main] DEBUG nextflow.executor.ExecutorFactory - << taskConfig executor: null
Jun-04 15:32:32.469 [main] DEBUG nextflow.executor.ExecutorFactory - >> processorType: 'local'
Jun-04 15:32:32.493 [main] DEBUG nextflow.Session - Workflow process names [dsl2]: fastpTrim, fastqc, bowtie2Aln, bowtie2Build
Jun-04 15:32:32.494 [main] DEBUG nextflow.Session - Igniting dataflow network (6)
Jun-04 15:32:32.510 [PathVisitor-1] DEBUG nextflow.file.PathVisitor - files for syntax: glob; folder: /mnt/c/Users/Walterrickman/Desktop/cancer/nextflow/TestDir/reads/; pattern: *_R{1,2}.fastq.gz; options: [:]
Jun-04 15:32:32.547 [main] DEBUG nextflow.processor.TaskProcessor - Starting process > fastqc
Jun-04 15:32:32.555 [main] DEBUG nextflow.processor.TaskProcessor - Starting process > fastpTrim
Jun-04 15:32:32.586 [main] DEBUG nextflow.processor.TaskProcessor - Starting process > bowtie2Build
Jun-04 15:32:32.601 [main] DEBUG nextflow.processor.TaskProcessor - Starting process > bowtie2Aln
Jun-04 15:32:32.616 [main] DEBUG nextflow.script.ScriptRunner - Parsed script files:
  Script_1c4941945ee32c78: /mnt/c/Users/Walterrickman/Desktop/cancer/nextflow/TestDir/walterz.nf
Jun-04 15:32:32.624 [main] DEBUG nextflow.script.ScriptRunner - > Awaiting termination 
Jun-04 15:32:32.631 [main] DEBUG nextflow.Session - Session await
Jun-04 15:32:33.248 [Task submitter] DEBUG n.executor.local.LocalTaskHandler - Launch cmd line: /bin/bash -ue .command.run
Jun-04 15:32:33.259 [Task submitter] INFO  nextflow.Session - [c7/de2f7e] Submitted process > fastqc (1)
Jun-04 15:32:33.322 [Task submitter] DEBUG n.executor.local.LocalTaskHandler - Launch cmd line: /bin/bash -ue .command.run
Jun-04 15:32:33.329 [Task submitter] INFO  nextflow.Session - [d4/8b5b5e] Submitted process > bowtie2Build (1)
Jun-04 15:32:33.399 [Task submitter] DEBUG n.executor.local.LocalTaskHandler - Launch cmd line: /bin/bash -ue .command.run
Jun-04 15:32:33.400 [Task submitter] INFO  nextflow.Session - [a2/8ef929] Submitted process > fastpTrim (1)
Jun-04 15:32:45.980 [Task monitor] DEBUG n.processor.TaskPollingMonitor - Task completed > TaskHandler[id: 1; name: bowtie2Build (1); status: COMPLETED; exit: 0; error: -; workDir: /mnt/c/Users/Walterrickman/Desktop/cancer/nextflow/TestDir/work/d4/8b5b5e6e1d6aefe5cf27e842528742]
Jun-04 15:33:09.894 [Task monitor] DEBUG n.processor.TaskPollingMonitor - Task completed > TaskHandler[id: 2; name: fastpTrim (1); status: COMPLETED; exit: 0; error: -; workDir: /mnt/c/Users/Walterrickman/Desktop/cancer/nextflow/TestDir/work/a2/8ef9290a2b3d9bdc6569f4af58a274]
Jun-04 15:33:10.271 [Task submitter] DEBUG n.executor.local.LocalTaskHandler - Launch cmd line: /bin/bash -ue .command.run
Jun-04 15:33:10.273 [Task submitter] INFO  nextflow.Session - [ab/44204d] Submitted process > bowtie2Aln (1)
Jun-04 15:33:56.814 [Task monitor] DEBUG n.processor.TaskPollingMonitor - Task completed > TaskHandler[id: 3; name: fastqc (1); status: COMPLETED; exit: 0; error: -; workDir: /mnt/c/Users/Walterrickman/Desktop/cancer/nextflow/TestDir/work/c7/de2f7e9502ad83a5a8ae27f82353be]
Jun-04 15:37:32.259 [Task monitor] DEBUG n.processor.TaskPollingMonitor - !! executor local > tasks to be completed: 1 -- submitted tasks are shown below
~> TaskHandler[id: 4; name: bowtie2Aln (1); status: RUNNING; exit: -; error: -; workDir: /mnt/c/Users/Walterrickman/Desktop/cancer/nextflow/TestDir/work/ab/44204d8311863c6cadc09a2a3479cd]
Jun-04 15:38:25.497 [Task monitor] DEBUG n.processor.TaskPollingMonitor - Task completed > TaskHandler[id: 4; name: bowtie2Aln (1); status: COMPLETED; exit: 0; error: -; workDir: /mnt/c/Users/Walterrickman/Desktop/cancer/nextflow/TestDir/work/ab/44204d8311863c6cadc09a2a3479cd]
Jun-04 15:38:25.519 [main] DEBUG nextflow.Session - Session await > all processes finished
Jun-04 15:38:25.605 [Task monitor] DEBUG n.processor.TaskPollingMonitor - <<< barrier arrives (monitor: local) - terminating tasks monitor poll loop
Jun-04 15:38:25.610 [main] DEBUG nextflow.Session - Session await > all barriers passed
Jun-04 15:38:25.643 [main] DEBUG nextflow.util.ThreadPoolManager - Thread pool 'TaskFinalizer' shutdown completed (hard=false)
Jun-04 15:38:26.908 [main] DEBUG nextflow.util.ThreadPoolManager - Thread pool 'PublishDir' shutdown completed (hard=false)
Jun-04 15:38:26.932 [main] DEBUG n.trace.WorkflowStatsObserver - Workflow completed > WorkflowStats[succeededCount=4; failedCount=0; ignoredCount=0; cachedCount=0; pendingCount=0; submittedCount=0; runningCount=0; retriesCount=0; abortedCount=0; succeedDuration=7m 27s; failedDuration=0ms; cachedDuration=0ms;loadCpus=0; loadMemory=0; peakRunning=3; peakCpus=3; peakMemory=0; ]
Jun-04 15:38:27.232 [main] DEBUG nextflow.cache.CacheDB - Closing CacheDB done
Jun-04 15:38:27.401 [main] DEBUG nextflow.util.ThreadPoolManager - Thread pool 'FileTransfer' shutdown completed (hard=false)
Jun-04 15:38:27.403 [main] DEBUG nextflow.script.ScriptRunner - > Execution complete -- Goodbye
